Using pre-set license
Built from '2021.3/staging' branch; Version is '2021.3.45f1 (0da89fac8e79) revision 895135'; Using compiler version '192829333'; Build Type 'Release'
OS: 'Windows 11  (10.0.22631) 64bit Professional' Language: 'sr' Physical Memory: 22389 MB
BatchMode: 1, IsHumanControllingUs: 0, StartBugReporterOnCrash: 0, Is64bit: 1, IsPro: 1

COMMAND LINE ARGUMENTS:
C:\Program Files\Unity\Hub\Editor\2021.3.45f1\Editor\Unity.exe
-adb2
-batchMode
-noUpm
-name
AssetImportWorker0
-projectPath
C:/Users/Korisnik/Documents/Projects/stupid-battle-royale/stupid battle royale
-logFile
Logs/AssetImportWorker0.log
-srvPort
51770
Successfully changed project path to: C:/Users/Korisnik/Documents/Projects/stupid-battle-royale/stupid battle royale
C:/Users/Korisnik/Documents/Projects/stupid-battle-royale/stupid battle royale
[UnityMemory] Configuration Parameters - Can be set up in boot.config
    "memorysetup-bucket-allocator-granularity=16"
    "memorysetup-bucket-allocator-bucket-count=8"
    "memorysetup-bucket-allocator-block-size=33554432"
    "memorysetup-bucket-allocator-block-count=8"
    "memorysetup-main-allocator-block-size=16777216"
    "memorysetup-thread-allocator-block-size=16777216"
    "memorysetup-gfx-main-allocator-block-size=16777216"
    "memorysetup-gfx-thread-allocator-block-size=16777216"
    "memorysetup-cache-allocator-block-size=4194304"
    "memorysetup-typetree-allocator-block-size=2097152"
    "memorysetup-profiler-bucket-allocator-granularity=16"
    "memorysetup-profiler-bucket-allocator-bucket-count=8"
    "memorysetup-profiler-bucket-allocator-block-size=33554432"
    "memorysetup-profiler-bucket-allocator-block-count=8"
    "memorysetup-profiler-allocator-block-size=16777216"
    "memorysetup-profiler-editor-allocator-block-size=1048576"
    "memorysetup-temp-allocator-size-main=16777216"
    "memorysetup-job-temp-allocator-block-size=2097152"
    "memorysetup-job-temp-allocator-block-size-background=1048576"
    "memorysetup-job-temp-allocator-reduction-small-platforms=262144"
    "memorysetup-temp-allocator-size-background-worker=32768"
    "memorysetup-temp-allocator-size-job-worker=262144"
    "memorysetup-temp-allocator-size-preload-manager=33554432"
    "memorysetup-temp-allocator-size-nav-mesh-worker=65536"
    "memorysetup-temp-allocator-size-audio-worker=65536"
    "memorysetup-temp-allocator-size-cloud-worker=32768"
    "memorysetup-temp-allocator-size-gi-baking-worker=262144"
    "memorysetup-temp-allocator-size-gfx=262144"
Player connection [21052] Host "[IP] 192.168.110.27 [Port] 0 [Flags] 2 [Guid] 3597200475 [EditorId] 3597200475 [Version] 1048832 [Id] WindowsEditor(7,DESKTOP-9EGSOF3) [Debug] 1 [PackageName] WindowsEditor [ProjectName] Editor" joined multi-casting on [225.0.0.222:54997]...

Player connection [21052] Host "[IP] 192.168.110.27 [Port] 0 [Flags] 2 [Guid] 3597200475 [EditorId] 3597200475 [Version] 1048832 [Id] WindowsEditor(7,DESKTOP-9EGSOF3) [Debug] 1 [PackageName] WindowsEditor [ProjectName] Editor" joined alternative multi-casting on [225.0.0.222:34997]...

[Physics::Module] Initialized MultithreadedJobDispatcher with {0} workers.
Refreshing native plugins compatible for Editor in 96.64 ms, found 3 plugins.
Preloading 0 native plugins for Editor in 0.00 ms.
Initialize engine version: 2021.3.45f1 (0da89fac8e79)
[Subsystems] Discovering subsystems at path C:/Program Files/Unity/Hub/Editor/2021.3.45f1/Editor/Data/Resources/UnitySubsystems
[Subsystems] Discovering subsystems at path C:/Users/Korisnik/Documents/Projects/stupid-battle-royale/stupid battle royale/Assets
GfxDevice: creating device client; threaded=0; jobified=0
Direct3D:
    Version:  Direct3D 11.0 [level 11.1]
    Renderer: AMD Radeon(TM) Graphics (ID=0x164c)
    Vendor:   ATI
    VRAM:     11194 MB
    Driver:   31.0.21921.1000
Initialize mono
Mono path[0] = 'C:/Program Files/Unity/Hub/Editor/2021.3.45f1/Editor/Data/Managed'
Mono path[1] = 'C:/Program Files/Unity/Hub/Editor/2021.3.45f1/Editor/Data/MonoBleedingEdge/lib/mono/unityjit-win32'
Mono config path = 'C:/Program Files/Unity/Hub/Editor/2021.3.45f1/Editor/Data/MonoBleedingEdge/etc'
Using monoOptions --debugger-agent=transport=dt_socket,embedding=1,server=y,suspend=n,address=127.0.0.1:56704
Begin MonoManager ReloadAssembly
Registering precompiled unity dll's ...
Register platform support module: C:/Program Files/Unity/Hub/Editor/2021.3.45f1/Editor/Data/PlaybackEngines/WindowsStandaloneSupport/UnityEditor.WindowsStandalone.Extensions.dll
Registered in 0.007352 seconds.
Native extension for WindowsStandalone target not found
Refreshing native plugins compatible for Editor in 43.94 ms, found 3 plugins.
Preloading 0 native plugins for Editor in 0.00 ms.
Mono: successfully reloaded assembly
- Completed reload, in  0.630 seconds
Domain Reload Profiling:
	ReloadAssembly (631ms)
		BeginReloadAssembly (103ms)
			ExecutionOrderSort (0ms)
			DisableScriptedObjects (0ms)
			BackupInstance (0ms)
			ReleaseScriptingObjects (0ms)
			CreateAndSetChildDomain (1ms)
		EndReloadAssembly (424ms)
			LoadAssemblies (100ms)
			RebuildTransferFunctionScriptingTraits (0ms)
			SetupTypeCache (105ms)
			ReleaseScriptCaches (0ms)
			RebuildScriptCaches (28ms)
			SetupLoadedEditorAssemblies (249ms)
				LogAssemblyErrors (0ms)
				InitializePlatformSupportModulesInManaged (8ms)
				SetLoadedEditorAssemblies (0ms)
				RefreshPlugins (44ms)
				BeforeProcessingInitializeOnLoad (1ms)
				ProcessInitializeOnLoadAttributes (148ms)
				ProcessInitializeOnLoadMethodAttributes (48ms)
				AfterProcessingInitializeOnLoad (0ms)
				EditorAssembliesLoaded (0ms)
			ExecutionOrderSort2 (0ms)
			AwakeInstancesAfterBackupRestoration (0ms)
Platform modules already initialized, skipping
Registering precompiled user dll's ...
Registered in 0.006775 seconds.
Begin MonoManager ReloadAssembly
Native extension for WindowsStandalone target not found
Refreshing native plugins compatible for Editor in 0.58 ms, found 3 plugins.
Preloading 0 native plugins for Editor in 0.00 ms.
Package Manager log level set to [2]
[Package Manager] Server::EnsureServerProcessIsRunning -- launch failed, reason: Unity was launched with the -noUpm command-line argument
[Package Manager] Cannot connect to Unity Package Manager local server
Mono: successfully reloaded assembly
- Completed reload, in  1.442 seconds
Domain Reload Profiling:
	ReloadAssembly (1443ms)
		BeginReloadAssembly (140ms)
			ExecutionOrderSort (0ms)
			DisableScriptedObjects (6ms)
			BackupInstance (0ms)
			ReleaseScriptingObjects (0ms)
			CreateAndSetChildDomain (22ms)
		EndReloadAssembly (1196ms)
			LoadAssemblies (111ms)
			RebuildTransferFunctionScriptingTraits (0ms)
			SetupTypeCache (253ms)
			ReleaseScriptCaches (1ms)
			RebuildScriptCaches (49ms)
			SetupLoadedEditorAssemblies (775ms)
				LogAssemblyErrors (0ms)
				InitializePlatformSupportModulesInManaged (6ms)
				SetLoadedEditorAssemblies (1ms)
				RefreshPlugins (1ms)
				BeforeProcessingInitializeOnLoad (62ms)
				ProcessInitializeOnLoadAttributes (675ms)
				ProcessInitializeOnLoadMethodAttributes (23ms)
				AfterProcessingInitializeOnLoad (9ms)
				EditorAssembliesLoaded (0ms)
			ExecutionOrderSort2 (0ms)
			AwakeInstancesAfterBackupRestoration (7ms)
Platform modules already initialized, skipping
========================================================================
Worker process is ready to serve import requests
Launched and connected shader compiler UnityShaderCompiler.exe after 0.05 seconds
Refreshing native plugins compatible for Editor in 0.61 ms, found 3 plugins.
Preloading 0 native plugins for Editor in 0.00 ms.
Unloading 3080 Unused Serialized files (Serialized files now loaded: 0)
Unloading 24 unused Assets / (46.8 KB). Loaded Objects now: 3539.
Memory consumption went from 107.7 MB to 107.7 MB.
Total: 3.012300 ms (FindLiveObjects: 0.325400 ms CreateObjectMapping: 0.087600 ms MarkObjects: 2.511900 ms  DeleteObjects: 0.086300 ms)

AssetImportParameters requested are different than current active one (requested -> active):
  custom:video-decoder-ogg-theora: a1e56fd34408186e4bbccfd4996cb3dc -> 
  custom:container-muxer-webm: aa71ff27fc2769a1b78a27578f13a17b -> 
  custom:container-demuxer-webm: 4f35f7cbe854078d1ac9338744f61a02 -> 
  custom:video-encoder-webm-vp8: eb34c28f22e8b96e1ab97ce403110664 -> 
  custom:CustomObjectIndexerAttribute: bc11b3a6c3213fcdd17b65e7da85e133 -> 
  custom:audio-encoder-webm-vorbis: bf7c407c2cedff20999df2af8eb42d56 -> 
  custom:framework-win-MediaFoundation: 216162199b28c13a410421893ffa2e32 -> 
  custom:SearchIndexIgnoredProperties: e643bd26f0fe6173181afceb89e7c659 -> 
  custom:container-demuxer-ogg: 62fdf1f143b41e24485cea50d1cbac27 -> 
  custom:video-decoder-webm-vp8: 9c59270c3fd7afecdb556c50c9e8de78 -> 
  custom:audio-decoder-ogg-vorbis: bf7c407c2cedff20999df2af8eb42d56 -> 
========================================================================
Received Import Request.
  Time since last request: 10715.266010 seconds.
  path: Assets/GroundMat.mat
  artifactKey: Guid(d472c7ba60d86c64e8a182a5d864455a) Importer(815301076,1909f56bfc062723c751e8b465ee728b)
Number of updated assets reloaded before import = 0
Start importing Assets/GroundMat.mat using Guid(d472c7ba60d86c64e8a182a5d864455a) Importer(815301076,1909f56bfc062723c751e8b465ee728b)  -> (artifact id: 'f798d16d5a12260852e215e4ce8cef8c') in 0.226042 seconds 
Number of asset objects unloaded after import = 1
========================================================================
Received Import Request.
  Time since last request: 50.820560 seconds.
  path: Assets/10778_Toilet_V2.obj
  artifactKey: Guid(eca6978be4c515b41a71e3ad31e124e1) Importer(815301076,1909f56bfc062723c751e8b465ee728b)
Number of updated assets reloaded before import = 0
Start importing Assets/10778_Toilet_V2.obj using Guid(eca6978be4c515b41a71e3ad31e124e1) Importer(815301076,1909f56bfc062723c751e8b465ee728b)  -> (artifact id: 'bc3508c04857cd1797900904f32118ad') in 0.069984 seconds 
Number of asset objects unloaded after import = 10
========================================================================
Received Import Request.
  Time since last request: 12.728682 seconds.
  path: Assets/c15dd5ddeb5b54aa4a02938a70c6c6f2.jpg
  artifactKey: Guid(e531b58fcbc9db44b87b14ddadf0b71f) Importer(815301076,1909f56bfc062723c751e8b465ee728b)
Number of updated assets reloaded before import = 0
Start importing Assets/c15dd5ddeb5b54aa4a02938a70c6c6f2.jpg using Guid(e531b58fcbc9db44b87b14ddadf0b71f) Importer(815301076,1909f56bfc062723c751e8b465ee728b)  -> (artifact id: '3346b9a768100b8ced7cf6d277008091') in 0.033817 seconds 
Number of asset objects unloaded after import = 2
========================================================================
Received Import Request.
  Time since last request: 205.039905 seconds.
  path: Assets/ToiletMat.mat
  artifactKey: Guid(153fb35c9b1510a4db037bd05d9540fe) Importer(815301076,1909f56bfc062723c751e8b465ee728b)
Number of updated assets reloaded before import = 0
Start importing Assets/ToiletMat.mat using Guid(153fb35c9b1510a4db037bd05d9540fe) Importer(815301076,1909f56bfc062723c751e8b465ee728b)  -> (artifact id: 'f6a96a8230a7513dc242465c1ad2d5ff') in 0.014356 seconds 
Number of asset objects unloaded after import = 1
========================================================================
Received Import Request.
  Time since last request: 51.386514 seconds.
  path: Assets/Materials/Toilet.mat
  artifactKey: Guid(a7da2d568d5bd5643b92146b97caf0ef) Importer(815301076,1909f56bfc062723c751e8b465ee728b)
Number of updated assets reloaded before import = 0
Start importing Assets/Materials/Toilet.mat using Guid(a7da2d568d5bd5643b92146b97caf0ef) Importer(815301076,1909f56bfc062723c751e8b465ee728b)  -> (artifact id: '8a28f66cd6c4f0f432f81f865b4ea1c9') in 0.010435 seconds 
Number of asset objects unloaded after import = 2
========================================================================
Received Import Request.
  Time since last request: 9.214365 seconds.
  path: Assets/Materials 1
  artifactKey: Guid(21b715c88aa1c6d45a22534347b2fa31) Importer(815301076,1909f56bfc062723c751e8b465ee728b)
Number of updated assets reloaded before import = 0
Start importing Assets/Materials 1 using Guid(21b715c88aa1c6d45a22534347b2fa31) Importer(815301076,1909f56bfc062723c751e8b465ee728b)  -> (artifact id: '6f6d043ef95725d16d15484bf5a18033') in 0.005299 seconds 
Number of asset objects unloaded after import = 0
========================================================================
Received Import Request.
  Time since last request: 13.175315 seconds.
  path: Assets/Materials
  artifactKey: Guid(28e7160b0e48d914591379fd53ff1fdc) Importer(815301076,1909f56bfc062723c751e8b465ee728b)
Number of updated assets reloaded before import = 0
Start importing Assets/Materials using Guid(28e7160b0e48d914591379fd53ff1fdc) Importer(815301076,1909f56bfc062723c751e8b465ee728b)  -> (artifact id: 'ea6e49d20cba2cce33d1769f526a6450') in 0.002059 seconds 
Number of asset objects unloaded after import = 0
========================================================================
Received Import Request.
  Time since last request: 0.065184 seconds.
  path: Assets/Materials/ToiletMat.mat
  artifactKey: Guid(153fb35c9b1510a4db037bd05d9540fe) Importer(815301076,1909f56bfc062723c751e8b465ee728b)
Number of updated assets reloaded before import = 0
Start importing Assets/Materials/ToiletMat.mat using Guid(153fb35c9b1510a4db037bd05d9540fe) Importer(815301076,1909f56bfc062723c751e8b465ee728b)  -> (artifact id: 'f4fb9360075791c9ec55a507261fa0e9') in 0.178101 seconds 
Number of asset objects unloaded after import = 2
========================================================================
Received Import Request.
  Time since last request: 27.874267 seconds.
  path: Assets/Models
  artifactKey: Guid(1e07faee0c41ad240a175616035541bf) Importer(815301076,1909f56bfc062723c751e8b465ee728b)
Number of updated assets reloaded before import = 0
Start importing Assets/Models using Guid(1e07faee0c41ad240a175616035541bf) Importer(815301076,1909f56bfc062723c751e8b465ee728b)  -> (artifact id: 'bc4e18e36dfda9f0e90fb4c0da9148de') in 0.005506 seconds 
Number of asset objects unloaded after import = 0
========================================================================
Received Import Request.
  Time since last request: 9.729677 seconds.
  path: Assets/ToiletModel.obj
  artifactKey: Guid(eca6978be4c515b41a71e3ad31e124e1) Importer(815301076,1909f56bfc062723c751e8b465ee728b)
Number of updated assets reloaded before import = 0
Start importing Assets/ToiletModel.obj using Guid(eca6978be4c515b41a71e3ad31e124e1) Importer(815301076,1909f56bfc062723c751e8b465ee728b)  -> (artifact id: '647f3224086b26c00b0b3f76bf09dc85') in 0.030283 seconds 
Number of asset objects unloaded after import = 10
========================================================================
Received Import Request.
  Time since last request: 10.529359 seconds.
  path: Assets/Textures
  artifactKey: Guid(8026ca5c52dea95449500ab7a9b9f819) Importer(815301076,1909f56bfc062723c751e8b465ee728b)
Number of updated assets reloaded before import = 0
Start importing Assets/Textures using Guid(8026ca5c52dea95449500ab7a9b9f819) Importer(815301076,1909f56bfc062723c751e8b465ee728b)  -> (artifact id: '6d19e88febd2147c733f606abfb98a51') in 0.004945 seconds 
Number of asset objects unloaded after import = 0
========================================================================
Received Import Request.
  Time since last request: 13.067253 seconds.
  path: Assets/ToiletTexture.jpg
  artifactKey: Guid(9f70cbe2f0195f646bca7225d0241f1a) Importer(815301076,1909f56bfc062723c751e8b465ee728b)
Number of updated assets reloaded before import = 0
Start importing Assets/ToiletTexture.jpg using Guid(9f70cbe2f0195f646bca7225d0241f1a) Importer(815301076,1909f56bfc062723c751e8b465ee728b)  -> (artifact id: 'e084278ea06746f3c143022850411261') in 0.012873 seconds 
Number of asset objects unloaded after import = 2
========================================================================
Received Import Request.
  Time since last request: 6.409542 seconds.
  path: Assets/Materials/GroundMat.mat
  artifactKey: Guid(d472c7ba60d86c64e8a182a5d864455a) Importer(815301076,1909f56bfc062723c751e8b465ee728b)
Number of updated assets reloaded before import = 0
Start importing Assets/Materials/GroundMat.mat using Guid(d472c7ba60d86c64e8a182a5d864455a) Importer(815301076,1909f56bfc062723c751e8b465ee728b)  -> (artifact id: 'db897d8fd4d3753905cc73be7fad4508') in 0.011489 seconds 
Number of asset objects unloaded after import = 2
========================================================================
Received Import Request.
  Time since last request: 10.443335 seconds.
  path: Assets/Textures/GrassTexture.jpg
  artifactKey: Guid(e531b58fcbc9db44b87b14ddadf0b71f) Importer(815301076,1909f56bfc062723c751e8b465ee728b)
Number of updated assets reloaded before import = 0
Start importing Assets/Textures/GrassTexture.jpg using Guid(e531b58fcbc9db44b87b14ddadf0b71f) Importer(815301076,1909f56bfc062723c751e8b465ee728b)  -> (artifact id: 'ba5d11f71029d436da59dae0594d11b8') in 0.014286 seconds 
Number of asset objects unloaded after import = 2
